<?xml version="1.0" encoding="utf-8"?><testsuites name="pytest tests"><testsuite name="pytest" errors="0" failures="1" skipped="0" tests="21" time="131.622" timestamp="2026-08-22T03:19:46.546591+00:00" hostname="agent-env-043427c9-e467-4f56-b2d1-ad2dbf02cc2a"><testcase classname="tests.test_pipeline.TestUploadErrors" name="test_reject_non_video_extension" time="0.206" /><testcase classname="tests.test_pipeline.TestPipelineLifecycle" name="test_a_upload_video" time="0.608" /><testcase classname="tests.test_pipeline.TestUploadErrors" name="test_reject_corrupt_video_with_mp4_extension" time="0.332" /><testcase classname="tests.test_pipeline.TestUploadErrors" name="test_reject_bad_provider" time="0.222" /><testcase classname="tests.test_pipeline.TestPipelineLifecycle" name="test_b_pipeline_reaches_ready" time="19.874" /><testcase classname="tests.test_pipeline.TestConfig" name="test_config_shape" time="3.973" /><testcase classname="tests.test_pipeline.TestPipelineLifecycle" name="test_c_clips_shape_and_scores" time="0.000"><failure message="AssertionError: all clips start at 0 (looks like naive split)&#10;assert not True&#10; +  where True = all(&lt;generator object TestPipelineLifecycle.test_c_clips_shape_and_scores.&lt;locals&gt;.&lt;genexpr&gt; at 0xfc1462bd1150&gt;)">backend/tests/test_pipeline.py:220: in test_c_clips_shape_and_scores
    assert not all(s == 0 for s in starts), "all clips start at 0 (looks like naive split)"
E   AssertionError: all clips start at 0 (looks like naive split)
E   assert not True
E    +  where True = all(&lt;generator object TestPipelineLifecycle.test_c_clips_shape_and_scores.&lt;locals&gt;.&lt;genexpr&gt; at 0xfc1462bd1150&gt;)</failure></testcase><testcase classname="tests.test_pipeline.TestPipelineLifecycle" name="test_d_transcript_matches_known_script" time="0.000" /><testcase classname="tests.test_pipeline.TestPipelineLifecycle" name="test_e_generate_single_clip" time="5.997" /><testcase classname="tests.test_pipeline.TestPipelineLifecycle" name="test_f_download_clip" time="0.171" /><testcase classname="tests.test_pipeline.TestPipelineLifecycle" name="test_g_range_stream_video" time="0.147" /><testcase classname="tests.test_pipeline.TestPipelineLifecycle" name="test_h_generate_all" time="13.542" /><testcase classname="tests.test_pipeline.TestPipelineLifecycle" name="test_i_delete_a_clip" time="0.336" /><testcase classname="tests.test_pipeline.TestPipelineLifecycle" name="test_j_config_has_editing_fields" time="0.102" /><testcase classname="tests.test_pipeline.TestPipelineLifecycle" name="test_k_update_edit_settings" time="0.263" /><testcase classname="tests.test_pipeline.TestPipelineLifecycle" name="test_l_generate_and_save_captions" time="0.410" /><testcase classname="tests.test_pipeline.TestPipelineLifecycle" name="test_m_editing_does_not_rerun_analysis" time="0.503" /><testcase classname="tests.test_pipeline.TestPipelineLifecycle" name="test_n_render_export_916" time="29.839" /><testcase classname="tests.test_pipeline.TestPipelineLifecycle" name="test_o_export_range_stream" time="0.105" /><testcase classname="tests.test_pipeline.TestPipelineLifecycle" name="test_p_batch_render" time="58.961" /><testcase classname="tests.test_pipeline.TestPipelineLifecycle" name="test_zz_delete_job" time="0.210" /></testsuite></testsuites>