<?xml version="1.0" encoding="utf-8"?><testsuites name="pytest tests"><testsuite name="pytest" errors="0" failures="0" skipped="0" tests="14" time="33.401" timestamp="2026-08-21T23:42:36.883375+00:00" hostname="agent-env-043427c9-e467-4f56-b2d1-ad2dbf02cc2a"><testcase classname="tests.test_pipeline.TestUploadErrors" name="test_reject_non_video_extension" time="0.168" /><testcase classname="tests.test_pipeline.TestPipelineLifecycle" name="test_a_upload_video" time="0.356" /><testcase classname="tests.test_pipeline.TestUploadErrors" name="test_reject_corrupt_video_with_mp4_extension" time="0.297" /><testcase classname="tests.test_pipeline.TestPipelineLifecycle" name="test_b_pipeline_reaches_ready" time="15.771" /><testcase classname="tests.test_pipeline.TestUploadErrors" name="test_reject_bad_provider" time="1.562" /><testcase classname="tests.test_pipeline.TestConfig" name="test_config_shape" time="0.108" /><testcase classname="tests.test_pipeline.TestPipelineLifecycle" name="test_c_clips_shape_and_scores" time="0.000" /><testcase classname="tests.test_pipeline.TestPipelineLifecycle" name="test_d_transcript_matches_known_script" time="0.000" /><testcase classname="tests.test_pipeline.TestPipelineLifecycle" name="test_e_generate_single_clip" time="5.804" /><testcase classname="tests.test_pipeline.TestPipelineLifecycle" name="test_f_download_clip" time="0.208" /><testcase classname="tests.test_pipeline.TestPipelineLifecycle" name="test_g_range_stream_video" time="0.170" /><testcase classname="tests.test_pipeline.TestPipelineLifecycle" name="test_h_generate_all" time="9.877" /><testcase classname="tests.test_pipeline.TestPipelineLifecycle" name="test_i_delete_a_clip" time="0.303" /><testcase classname="tests.test_pipeline.TestPipelineLifecycle" name="test_j_delete_job" time="0.238" /></testsuite></testsuites>